# JRE version: OpenJDK Runtime Environment (8.0_152-b01) (build 1.8.0_152-release-915-b01)
# Java VM: OpenJDK 64-Bit Server VM (25.152-b01 mixed mode windows-amd64 compressed oops)
Heap:
 PSYoungGen      total 134656K, used 42239K [0x00000000e0000000, 0x00000000e9180000, 0x0000000100000000)
  eden space 122880K, 26% used [0x00000000e0000000,0x00000000e1fec928,0x00000000e7800000)
  from space 11776K, 81% used [0x00000000e8400000,0x00000000e8d53550,0x00000000e8f80000)
  to   space 12288K, 0% used [0x00000000e7800000,0x00000000e7800000,0x00000000e8400000)
 ParOldGen       total 108544K, used 15820K [0x00000000a0000000, 0x00000000a6a00000, 0x00000000e0000000)
  object space 108544K, 14% used [0x00000000a0000000,0x00000000a0f731e8,0x00000000a6a00000)
 Metaspace       used 43671K, capacity 44716K, committed 44888K, reserved 1087488K
  class space    used 5896K, capacity 6233K, committed 6272K, reserved 1048576K
GC Heap History (10 events):
Event: 4.057 GC heap before
{Heap before GC invocations=6 (full 1):
 PSYoungGen      total 71680K, used 66560K [0x00000000e0000000, 0x00000000e4b00000, 0x0000000100000000)
  eden space 66560K, 100% used [0x00000000e0000000,0x00000000e4100000,0x00000000e4100000)
  from space 5120K, 0% used [0x00000000e4600000,0x00000000e4600000,0x00000000e4b00000)
  to   space 5120K, 0% used [0x00000000e4100000,0x00000000e4100000,0x00000000e4600000)
 ParOldGen       total 67072K, used 8699K [0x00000000a0000000, 0x00000000a4180000, 0x00000000e0000000)
  object space 67072K, 12% used [0x00000000a0000000,0x00000000a087ecd0,0x00000000a4180000)
 Metaspace       used 25849K, capacity 26370K, committed 26624K, reserved 1073152K
  class space    used 3539K, capacity 3730K, committed 3840K, reserved 1048576K
Event: 4.066 GC heap after
Heap after GC invocations=6 (full 1):
 PSYoungGen      total 71680K, used 5089K [0x00000000e0000000, 0x00000000e6e00000, 0x0000000100000000)
  eden space 66560K, 0% used [0x00000000e0000000,0x00000000e0000000,0x00000000e4100000)
  from space 5120K, 99% used [0x00000000e4100000,0x00000000e45f84c8,0x00000000e4600000)
  to   space 10240K, 0% used [0x00000000e6400000,0x00000000e6400000,0x00000000e6e00000)
 ParOldGen       total 67072K, used 10959K [0x00000000a0000000, 0x00000000a4180000, 0x00000000e0000000)
  object space 67072K, 16% used [0x00000000a0000000,0x00000000a0ab3f50,0x00000000a4180000)
 Metaspace       used 25849K, capacity 26370K, committed 26624K, reserved 1073152K
  class space    used 3539K, capacity 3730K, committed 3840K, reserved 1048576K
}
Event: 5.931 GC heap before
{Heap before GC invocations=7 (full 1):
 PSYoungGen      total 71680K, used 71649K [0x00000000e0000000, 0x00000000e6e00000, 0x0000000100000000)
  eden space 66560K, 100% used [0x00000000e0000000,0x00000000e4100000,0x00000000e4100000)
  from space 5120K, 99% used [0x00000000e4100000,0x00000000e45f84c8,0x00000000e4600000)
  to   space 10240K, 0% used [0x00000000e6400000,0x00000000e6400000,0x00000000e6e00000)
 ParOldGen       total 67072K, used 10959K [0x00000000a0000000, 0x00000000a4180000, 0x00000000e0000000)
  object space 67072K, 16% used [0x00000000a0000000,0x00000000a0ab3f50,0x00000000a4180000)
 Metaspace       used 30148K, capacity 30764K, committed 30976K, reserved 1075200K
  class space    used 4109K, capacity 4319K, committed 4352K, reserved 1048576K
Event: 5.947 GC heap after
Heap after GC invocations=7 (full 1):
 PSYoungGen      total 100352K, used 8389K [0x00000000e0000000, 0x00000000e6d80000, 0x0000000100000000)
  eden space 90624K, 0% used [0x00000000e0000000,0x00000000e0000000,0x00000000e5880000)
  from space 9728K, 86% used [0x00000000e6400000,0x00000000e6c315c8,0x00000000e6d80000)
  to   space 10752K, 0% used [0x00000000e5880000,0x00000000e5880000,0x00000000e6300000)
 ParOldGen       total 67072K, used 11031K [0x00000000a0000000, 0x00000000a4180000, 0x00000000e0000000)
  object space 67072K, 16% used [0x00000000a0000000,0x00000000a0ac5f60,0x00000000a4180000)
 Metaspace       used 30148K, capacity 30764K, committed 30976K, reserved 1075200K
  class space    used 4109K, capacity 4319K, committed 4352K, reserved 1048576K
}
Event: 7.429 GC heap before
{Heap before GC invocations=8 (full 1):
 PSYoungGen      total 100352K, used 63380K [0x00000000e0000000, 0x00000000e6d80000, 0x0000000100000000)
  eden space 90624K, 60% used [0x00000000e0000000,0x00000000e35b3da0,0x00000000e5880000)
  from space 9728K, 86% used [0x00000000e6400000,0x00000000e6c315c8,0x00000000e6d80000)
  to   space 10752K, 0% used [0x00000000e5880000,0x00000000e5880000,0x00000000e6300000)
 ParOldGen       total 67072K, used 11031K [0x00000000a0000000, 0x00000000a4180000, 0x00000000e0000000)
  object space 67072K, 16% used [0x00000000a0000000,0x00000000a0ac5f60,0x00000000a4180000)
 Metaspace       used 34553K, capacity 35226K, committed 35416K, reserved 1079296K
  class space    used 4692K, capacity 4963K, committed 4992K, reserved 1048576K
Event: 7.445 GC heap after
Heap after GC invocations=8 (full 1):
 PSYoungGen      total 101376K, used 9794K [0x00000000e0000000, 0x00000000e8f80000, 0x0000000100000000)
  eden space 90624K, 0% used [0x00000000e0000000,0x00000000e0000000,0x00000000e5880000)
  from space 10752K, 91% used [0x00000000e5880000,0x00000000e6210880,0x00000000e6300000)
  to   space 11776K, 0% used [0x00000000e8400000,0x00000000e8400000,0x00000000e8f80000)
 ParOldGen       total 67072K, used 11039K [0x00000000a0000000, 0x00000000a4180000, 0x00000000e0000000)
  object space 67072K, 16% used [0x00000000a0000000,0x00000000a0ac7f60,0x00000000a4180000)
 Metaspace       used 34553K, capacity 35226K, committed 35416K, reserved 1079296K
  class space    used 4692K, capacity 4963K, committed 4992K, reserved 1048576K
}
Event: 7.445 GC heap before
{Heap before GC invocations=9 (full 2):
 PSYoungGen      total 101376K, used 9794K [0x00000000e0000000, 0x00000000e8f80000, 0x0000000100000000)
  eden space 90624K, 0% used [0x00000000e0000000,0x00000000e0000000,0x00000000e5880000)
  from space 10752K, 91% used [0x00000000e5880000,0x00000000e6210880,0x00000000e6300000)
  to   space 11776K, 0% used [0x00000000e8400000,0x00000000e8400000,0x00000000e8f80000)
 ParOldGen       total 67072K, used 11039K [0x00000000a0000000, 0x00000000a4180000, 0x00000000e0000000)
  object space 67072K, 16% used [0x00000000a0000000,0x00000000a0ac7f60,0x00000000a4180000)
 Metaspace       used 34553K, capacity 35226K, committed 35416K, reserved 1079296K
  class space    used 4692K, capacity 4963K, committed 4992K, reserved 1048576K
Event: 7.537 GC heap after
Heap after GC invocations=9 (full 2):
 PSYoungGen      total 101376K, used 0K [0x00000000e0000000, 0x00000000e8f80000, 0x0000000100000000)
  eden space 90624K, 0% used [0x00000000e0000000,0x00000000e0000000,0x00000000e5880000)
  from space 10752K, 0% used [0x00000000e5880000,0x00000000e5880000,0x00000000e6300000)
  to   space 11776K, 0% used [0x00000000e8400000,0x00000000e8400000,0x00000000e8f80000)
 ParOldGen       total 108544K, used 15812K [0x00000000a0000000, 0x00000000a6a00000, 0x00000000e0000000)
  object space 108544K, 14% used [0x00000000a0000000,0x00000000a0f711e8,0x00000000a6a00000)
 Metaspace       used 34553K, capacity 35226K, committed 35416K, reserved 1079296K
  class space    used 4692K, capacity 4963K, committed 4992K, reserved 1048576K
}
Event: 8.613 GC heap before
{Heap before GC invocations=10 (full 2):
 PSYoungGen      total 101376K, used 90624K [0x00000000e0000000, 0x00000000e8f80000, 0x0000000100000000)
  eden space 90624K, 100% used [0x00000000e0000000,0x00000000e5880000,0x00000000e5880000)
  from space 10752K, 0% used [0x00000000e5880000,0x00000000e5880000,0x00000000e6300000)
  to   space 11776K, 0% used [0x00000000e8400000,0x00000000e8400000,0x00000000e8f80000)
 ParOldGen       total 108544K, used 15812K [0x00000000a0000000, 0x00000000a6a00000, 0x00000000e0000000)
  object space 108544K, 14% used [0x00000000a0000000,0x00000000a0f711e8,0x00000000a6a00000)
 Metaspace       used 40640K, capacity 41430K, committed 41816K, reserved 1085440K
  class space    used 5394K, capacity 5675K, committed 5760K, reserved 1048576K
Event: 8.629 GC heap after
Heap after GC invocations=10 (full 2):
 PSYoungGen      total 134656K, used 9549K [0x00000000e0000000, 0x00000000e9180000, 0x0000000100000000)
  eden space 122880K, 0% used [0x00000000e0000000,0x00000000e0000000,0x00000000e7800000)
  from space 11776K, 81% used [0x00000000e8400000,0x00000000e8d53550,0x00000000e8f80000)
  to   space 12288K, 0% used [0x00000000e7800000,0x00000000e7800000,0x00000000e8400000)
 ParOldGen       total 108544K, used 15820K [0x00000000a0000000, 0x00000000a6a00000, 0x00000000e0000000)
  object space 108544K, 14% used [0x00000000a0000000,0x00000000a0f731e8,0x00000000a6a00000)
 Metaspace       used 40640K, capacity 41430K, committed 41816K, reserved 1085440K
  class space    used 5394K, capacity 5675K, committed 5760K, reserved 1048576K
}

