# JRE version: OpenJDK Runtime Environment (8.0_152-b01) (build 1.8.0_152-release-915-b01)
# Java VM: OpenJDK 64-Bit Server VM (25.152-b01 mixed mode windows-amd64 compressed oops)
Heap:
 PSYoungGen      total 105984K, used 21989K [0x00000000e0000000, 0x00000000e9c80000, 0x0000000100000000)
  eden space 95744K, 22% used [0x00000000e0000000,0x00000000e15797c0,0x00000000e5d80000)
  from space 10240K, 0% used [0x00000000e5d80000,0x00000000e5d80000,0x00000000e6780000)
  to   space 11264K, 0% used [0x00000000e9180000,0x00000000e9180000,0x00000000e9c80000)
 ParOldGen       total 66048K, used 16002K [0x00000000a0000000, 0x00000000a4080000, 0x00000000e0000000)
  object space 66048K, 24% used [0x00000000a0000000,0x00000000a0fa0948,0x00000000a4080000)
 Metaspace       used 37160K, capacity 37780K, committed 38104K, reserved 1081344K
  class space    used 5004K, capacity 5274K, committed 5376K, reserved 1048576K
GC Heap History (10 events):
Event: 2.713 GC heap before
{Heap before GC invocations=5 (full 1):
 PSYoungGen      total 71680K, used 5088K [0x00000000e0000000, 0x00000000e4b00000, 0x0000000100000000)
  eden space 66560K, 0% used [0x00000000e0000000,0x00000000e0000000,0x00000000e4100000)
  from space 5120K, 99% used [0x00000000e4600000,0x00000000e4af8010,0x00000000e4b00000)
  to   space 5120K, 0% used [0x00000000e4100000,0x00000000e4100000,0x00000000e4600000)
 ParOldGen       total 87552K, used 7877K [0x00000000a0000000, 0x00000000a5580000, 0x00000000e0000000)
  object space 87552K, 8% used [0x00000000a0000000,0x00000000a07b1470,0x00000000a5580000)
 Metaspace       used 20750K, capacity 21092K, committed 21248K, reserved 1067008K
  class space    used 2861K, capacity 3017K, committed 3072K, reserved 1048576K
Event: 2.754 GC heap after
Heap after GC invocations=5 (full 1):
 PSYoungGen      total 71680K, used 0K [0x00000000e0000000, 0x00000000e4b00000, 0x0000000100000000)
  eden space 66560K, 0% used [0x00000000e0000000,0x00000000e0000000,0x00000000e4100000)
  from space 5120K, 0% used [0x00000000e4600000,0x00000000e4600000,0x00000000e4b00000)
  to   space 5120K, 0% used [0x00000000e4100000,0x00000000e4100000,0x00000000e4600000)
 ParOldGen       total 66048K, used 9064K [0x00000000a0000000, 0x00000000a4080000, 0x00000000e0000000)
  object space 66048K, 13% used [0x00000000a0000000,0x00000000a08da3c0,0x00000000a4080000)
 Metaspace       used 20750K, capacity 21092K, committed 21248K, reserved 1067008K
  class space    used 2861K, capacity 3017K, committed 3072K, reserved 1048576K
}
Event: 3.730 GC heap before
{Heap before GC invocations=6 (full 1):
 PSYoungGen      total 71680K, used 66560K [0x00000000e0000000, 0x00000000e4b00000, 0x0000000100000000)
  eden space 66560K, 100% used [0x00000000e0000000,0x00000000e4100000,0x00000000e4100000)
  from space 5120K, 0% used [0x00000000e4600000,0x00000000e4600000,0x00000000e4b00000)
  to   space 5120K, 0% used [0x00000000e4100000,0x00000000e4100000,0x00000000e4600000)
 ParOldGen       total 66048K, used 9064K [0x00000000a0000000, 0x00000000a4080000, 0x00000000e0000000)
  object space 66048K, 13% used [0x00000000a0000000,0x00000000a08da3c0,0x00000000a4080000)
 Metaspace       used 25936K, capacity 26432K, committed 26624K, reserved 1073152K
  class space    used 3544K, capacity 3721K, committed 3840K, reserved 1048576K
Event: 3.743 GC heap after
Heap after GC invocations=6 (full 1):
 PSYoungGen      total 71680K, used 5115K [0x00000000e0000000, 0x00000000e7300000, 0x0000000100000000)
  eden space 66560K, 0% used [0x00000000e0000000,0x00000000e0000000,0x00000000e4100000)
  from space 5120K, 99% used [0x00000000e4100000,0x00000000e45fee08,0x00000000e4600000)
  to   space 10240K, 0% used [0x00000000e6900000,0x00000000e6900000,0x00000000e7300000)
 ParOldGen       total 66048K, used 11076K [0x00000000a0000000, 0x00000000a4080000, 0x00000000e0000000)
  object space 66048K, 16% used [0x00000000a0000000,0x00000000a0ad11f0,0x00000000a4080000)
 Metaspace       used 25936K, capacity 26432K, committed 26624K, reserved 1073152K
  class space    used 3544K, capacity 3721K, committed 3840K, reserved 1048576K
}
Event: 4.794 GC heap before
{Heap before GC invocations=7 (full 1):
 PSYoungGen      total 71680K, used 71675K [0x00000000e0000000, 0x00000000e7300000, 0x0000000100000000)
  eden space 66560K, 100% used [0x00000000e0000000,0x00000000e4100000,0x00000000e4100000)
  from space 5120K, 99% used [0x00000000e4100000,0x00000000e45fee08,0x00000000e4600000)
  to   space 10240K, 0% used [0x00000000e6900000,0x00000000e6900000,0x00000000e7300000)
 ParOldGen       total 66048K, used 11076K [0x00000000a0000000, 0x00000000a4080000, 0x00000000e0000000)
  object space 66048K, 16% used [0x00000000a0000000,0x00000000a0ad11f0,0x00000000a4080000)
 Metaspace       used 29934K, capacity 30406K, committed 30720K, reserved 1075200K
  class space    used 4062K, capacity 4234K, committed 4352K, reserved 1048576K
Event: 4.803 GC heap after
Heap after GC invocations=7 (full 1):
 PSYoungGen      total 104448K, used 7569K [0x00000000e0000000, 0x00000000e7180000, 0x0000000100000000)
  eden space 95744K, 0% used [0x00000000e0000000,0x00000000e0000000,0x00000000e5d80000)
  from space 8704K, 86% used [0x00000000e6900000,0x00000000e70644a8,0x00000000e7180000)
  to   space 10240K, 0% used [0x00000000e5d80000,0x00000000e5d80000,0x00000000e6780000)
 ParOldGen       total 66048K, used 11084K [0x00000000a0000000, 0x00000000a4080000, 0x00000000e0000000)
  object space 66048K, 16% used [0x00000000a0000000,0x00000000a0ad31f0,0x00000000a4080000)
 Metaspace       used 29934K, capacity 30406K, committed 30720K, reserved 1075200K
  class space    used 4062K, capacity 4234K, committed 4352K, reserved 1048576K
}
Event: 5.886 GC heap before
{Heap before GC invocations=8 (full 1):
 PSYoungGen      total 104448K, used 61315K [0x00000000e0000000, 0x00000000e7180000, 0x0000000100000000)
  eden space 95744K, 56% used [0x00000000e0000000,0x00000000e347c9a0,0x00000000e5d80000)
  from space 8704K, 86% used [0x00000000e6900000,0x00000000e70644a8,0x00000000e7180000)
  to   space 10240K, 0% used [0x00000000e5d80000,0x00000000e5d80000,0x00000000e6780000)
 ParOldGen       total 66048K, used 11084K [0x00000000a0000000, 0x00000000a4080000, 0x00000000e0000000)
  object space 66048K, 16% used [0x00000000a0000000,0x00000000a0ad31f0,0x00000000a4080000)
 Metaspace       used 34667K, capacity 35220K, committed 35416K, reserved 1079296K
  class space    used 4692K, capacity 4910K, committed 4992K, reserved 1048576K
Event: 5.899 GC heap after
Heap after GC invocations=8 (full 1):
 PSYoungGen      total 105984K, used 9617K [0x00000000e0000000, 0x00000000e9c80000, 0x0000000100000000)
  eden space 95744K, 0% used [0x00000000e0000000,0x00000000e0000000,0x00000000e5d80000)
  from space 10240K, 93% used [0x00000000e5d80000,0x00000000e66e47f0,0x00000000e6780000)
  to   space 11264K, 0% used [0x00000000e9180000,0x00000000e9180000,0x00000000e9c80000)
 ParOldGen       total 66048K, used 11156K [0x00000000a0000000, 0x00000000a4080000, 0x00000000e0000000)
  object space 66048K, 16% used [0x00000000a0000000,0x00000000a0ae5200,0x00000000a4080000)
 Metaspace       used 34667K, capacity 35220K, committed 35416K, reserved 1079296K
  class space    used 4692K, capacity 4910K, committed 4992K, reserved 1048576K
}
Event: 5.899 GC heap before
{Heap before GC invocations=9 (full 2):
 PSYoungGen      total 105984K, used 9617K [0x00000000e0000000, 0x00000000e9c80000, 0x0000000100000000)
  eden space 95744K, 0% used [0x00000000e0000000,0x00000000e0000000,0x00000000e5d80000)
  from space 10240K, 93% used [0x00000000e5d80000,0x00000000e66e47f0,0x00000000e6780000)
  to   space 11264K, 0% used [0x00000000e9180000,0x00000000e9180000,0x00000000e9c80000)
 ParOldGen       total 66048K, used 11156K [0x00000000a0000000, 0x00000000a4080000, 0x00000000e0000000)
  object space 66048K, 16% used [0x00000000a0000000,0x00000000a0ae5200,0x00000000a4080000)
 Metaspace       used 34667K, capacity 35220K, committed 35416K, reserved 1079296K
  class space    used 4692K, capacity 4910K, committed 4992K, reserved 1048576K
Event: 5.998 GC heap after
Heap after GC invocations=9 (full 2):
 PSYoungGen      total 105984K, used 0K [0x00000000e0000000, 0x00000000e9c80000, 0x0000000100000000)
  eden space 95744K, 0% used [0x00000000e0000000,0x00000000e0000000,0x00000000e5d80000)
  from space 10240K, 0% used [0x00000000e5d80000,0x00000000e5d80000,0x00000000e6780000)
  to   space 11264K, 0% used [0x00000000e9180000,0x00000000e9180000,0x00000000e9c80000)
 ParOldGen       total 66048K, used 16002K [0x00000000a0000000, 0x00000000a4080000, 0x00000000e0000000)
  object space 66048K, 24% used [0x00000000a0000000,0x00000000a0fa0948,0x00000000a4080000)
 Metaspace       used 34667K, capacity 35220K, committed 35416K, reserved 1079296K
  class space    used 4692K, capacity 4910K, committed 4992K, reserved 1048576K
}

