# JRE version: OpenJDK Runtime Environment (8.0_152-b01) (build 1.8.0_152-release-915-b01)
# Java VM: OpenJDK 64-Bit Server VM (25.152-b01 mixed mode windows-amd64 compressed oops)
Heap:
 PSYoungGen      total 104960K, used 14819K [0x00000000e0000000, 0x00000000e9680000, 0x0000000100000000)
  eden space 94208K, 15% used [0x00000000e0000000,0x00000000e0e78c68,0x00000000e5c00000)
  from space 10752K, 0% used [0x00000000e5c00000,0x00000000e5c00000,0x00000000e6680000)
  to   space 11776K, 0% used [0x00000000e8b00000,0x00000000e8b00000,0x00000000e9680000)
 ParOldGen       total 103936K, used 15736K [0x00000000a0000000, 0x00000000a6580000, 0x00000000e0000000)
  object space 103936K, 15% used [0x00000000a0000000,0x00000000a0f5e0c0,0x00000000a6580000)
 Metaspace       used 36692K, capacity 37402K, committed 37720K, reserved 1081344K
  class space    used 4937K, capacity 5199K, committed 5248K, reserved 1048576K
GC Heap History (10 events):
Event: 2.964 GC heap before
{Heap before GC invocations=5 (full 1):
 PSYoungGen      total 71680K, used 5088K [0x00000000e0000000, 0x00000000e4b00000, 0x0000000100000000)
  eden space 66560K, 0% used [0x00000000e0000000,0x00000000e0000000,0x00000000e4100000)
  from space 5120K, 99% used [0x00000000e4600000,0x00000000e4af8010,0x00000000e4b00000)
  to   space 5120K, 0% used [0x00000000e4100000,0x00000000e4100000,0x00000000e4600000)
 ParOldGen       total 87552K, used 7694K [0x00000000a0000000, 0x00000000a5580000, 0x00000000e0000000)
  object space 87552K, 8% used [0x00000000a0000000,0x00000000a0783a50,0x00000000a5580000)
 Metaspace       used 20650K, capacity 21130K, committed 21248K, reserved 1067008K
  class space    used 2860K, capacity 3038K, committed 3072K, reserved 1048576K
Event: 3.014 GC heap after
Heap after GC invocations=5 (full 1):
 PSYoungGen      total 71680K, used 0K [0x00000000e0000000, 0x00000000e4b00000, 0x0000000100000000)
  eden space 66560K, 0% used [0x00000000e0000000,0x00000000e0000000,0x00000000e4100000)
  from space 5120K, 0% used [0x00000000e4600000,0x00000000e4600000,0x00000000e4b00000)
  to   space 5120K, 0% used [0x00000000e4100000,0x00000000e4100000,0x00000000e4600000)
 ParOldGen       total 65024K, used 8694K [0x00000000a0000000, 0x00000000a3f80000, 0x00000000e0000000)
  object space 65024K, 13% used [0x00000000a0000000,0x00000000a087d8a0,0x00000000a3f80000)
 Metaspace       used 20650K, capacity 21130K, committed 21248K, reserved 1067008K
  class space    used 2860K, capacity 3038K, committed 3072K, reserved 1048576K
}
Event: 3.995 GC heap before
{Heap before GC invocations=6 (full 1):
 PSYoungGen      total 71680K, used 66560K [0x00000000e0000000, 0x00000000e4b00000, 0x0000000100000000)
  eden space 66560K, 100% used [0x00000000e0000000,0x00000000e4100000,0x00000000e4100000)
  from space 5120K, 0% used [0x00000000e4600000,0x00000000e4600000,0x00000000e4b00000)
  to   space 5120K, 0% used [0x00000000e4100000,0x00000000e4100000,0x00000000e4600000)
 ParOldGen       total 65024K, used 8694K [0x00000000a0000000, 0x00000000a3f80000, 0x00000000e0000000)
  object space 65024K, 13% used [0x00000000a0000000,0x00000000a087d8a0,0x00000000a3f80000)
 Metaspace       used 25861K, capacity 26376K, committed 26624K, reserved 1073152K
  class space    used 3541K, capacity 3731K, committed 3840K, reserved 1048576K
Event: 4.008 GC heap after
Heap after GC invocations=6 (full 1):
 PSYoungGen      total 71680K, used 5097K [0x00000000e0000000, 0x00000000e7280000, 0x0000000100000000)
  eden space 66560K, 0% used [0x00000000e0000000,0x00000000e0000000,0x00000000e4100000)
  from space 5120K, 99% used [0x00000000e4100000,0x00000000e45fa730,0x00000000e4600000)
  to   space 10240K, 0% used [0x00000000e6880000,0x00000000e6880000,0x00000000e7280000)
 ParOldGen       total 65024K, used 10975K [0x00000000a0000000, 0x00000000a3f80000, 0x00000000e0000000)
  object space 65024K, 16% used [0x00000000a0000000,0x00000000a0ab7d98,0x00000000a3f80000)
 Metaspace       used 25861K, capacity 26376K, committed 26624K, reserved 1073152K
  class space    used 3541K, capacity 3731K, committed 3840K, reserved 1048576K
}
Event: 5.890 GC heap before
{Heap before GC invocations=7 (full 1):
 PSYoungGen      total 71680K, used 71657K [0x00000000e0000000, 0x00000000e7280000, 0x0000000100000000)
  eden space 66560K, 100% used [0x00000000e0000000,0x00000000e4100000,0x00000000e4100000)
  from space 5120K, 99% used [0x00000000e4100000,0x00000000e45fa730,0x00000000e4600000)
  to   space 10240K, 0% used [0x00000000e6880000,0x00000000e6880000,0x00000000e7280000)
 ParOldGen       total 65024K, used 10975K [0x00000000a0000000, 0x00000000a3f80000, 0x00000000e0000000)
  object space 65024K, 16% used [0x00000000a0000000,0x00000000a0ab7d98,0x00000000a3f80000)
 Metaspace       used 30169K, capacity 30764K, committed 30976K, reserved 1075200K
  class space    used 4112K, capacity 4319K, committed 4352K, reserved 1048576K
Event: 5.901 GC heap after
Heap after GC invocations=7 (full 1):
 PSYoungGen      total 102912K, used 8438K [0x00000000e0000000, 0x00000000e7100000, 0x0000000100000000)
  eden space 94208K, 0% used [0x00000000e0000000,0x00000000e0000000,0x00000000e5c00000)
  from space 8704K, 96% used [0x00000000e6880000,0x00000000e70bdab8,0x00000000e7100000)
  to   space 10752K, 0% used [0x00000000e5c00000,0x00000000e5c00000,0x00000000e6680000)
 ParOldGen       total 65024K, used 11047K [0x00000000a0000000, 0x00000000a3f80000, 0x00000000e0000000)
  object space 65024K, 16% used [0x00000000a0000000,0x00000000a0ac9da8,0x00000000a3f80000)
 Metaspace       used 30169K, capacity 30764K, committed 30976K, reserved 1075200K
  class space    used 4112K, capacity 4319K, committed 4352K, reserved 1048576K
}
Event: 7.292 GC heap before
{Heap before GC invocations=8 (full 1):
 PSYoungGen      total 102912K, used 63483K [0x00000000e0000000, 0x00000000e7100000, 0x0000000100000000)
  eden space 94208K, 58% used [0x00000000e0000000,0x00000000e35c11f0,0x00000000e5c00000)
  from space 8704K, 96% used [0x00000000e6880000,0x00000000e70bdab8,0x00000000e7100000)
  to   space 10752K, 0% used [0x00000000e5c00000,0x00000000e5c00000,0x00000000e6680000)
 ParOldGen       total 65024K, used 11047K [0x00000000a0000000, 0x00000000a3f80000, 0x00000000e0000000)
  object space 65024K, 16% used [0x00000000a0000000,0x00000000a0ac9da8,0x00000000a3f80000)
 Metaspace       used 34481K, capacity 35222K, committed 35416K, reserved 1079296K
  class space    used 4683K, capacity 4961K, committed 4992K, reserved 1048576K
Event: 7.302 GC heap after
Heap after GC invocations=8 (full 1):
 PSYoungGen      total 104960K, used 9792K [0x00000000e0000000, 0x00000000e9680000, 0x0000000100000000)
  eden space 94208K, 0% used [0x00000000e0000000,0x00000000e0000000,0x00000000e5c00000)
  from space 10752K, 91% used [0x00000000e5c00000,0x00000000e6590020,0x00000000e6680000)
  to   space 11776K, 0% used [0x00000000e8b00000,0x00000000e8b00000,0x00000000e9680000)
 ParOldGen       total 65024K, used 11055K [0x00000000a0000000, 0x00000000a3f80000, 0x00000000e0000000)
  object space 65024K, 17% used [0x00000000a0000000,0x00000000a0acbda8,0x00000000a3f80000)
 Metaspace       used 34481K, capacity 35222K, committed 35416K, reserved 1079296K
  class space    used 4683K, capacity 4961K, committed 4992K, reserved 1048576K
}
Event: 7.302 GC heap before
{Heap before GC invocations=9 (full 2):
 PSYoungGen      total 104960K, used 9792K [0x00000000e0000000, 0x00000000e9680000, 0x0000000100000000)
  eden space 94208K, 0% used [0x00000000e0000000,0x00000000e0000000,0x00000000e5c00000)
  from space 10752K, 91% used [0x00000000e5c00000,0x00000000e6590020,0x00000000e6680000)
  to   space 11776K, 0% used [0x00000000e8b00000,0x00000000e8b00000,0x00000000e9680000)
 ParOldGen       total 65024K, used 11055K [0x00000000a0000000, 0x00000000a3f80000, 0x00000000e0000000)
  object space 65024K, 17% used [0x00000000a0000000,0x00000000a0acbda8,0x00000000a3f80000)
 Metaspace       used 34481K, capacity 35222K, committed 35416K, reserved 1079296K
  class space    used 4683K, capacity 4961K, committed 4992K, reserved 1048576K
Event: 7.379 GC heap after
Heap after GC invocations=9 (full 2):
 PSYoungGen      total 104960K, used 0K [0x00000000e0000000, 0x00000000e9680000, 0x0000000100000000)
  eden space 94208K, 0% used [0x00000000e0000000,0x00000000e0000000,0x00000000e5c00000)
  from space 10752K, 0% used [0x00000000e5c00000,0x00000000e5c00000,0x00000000e6680000)
  to   space 11776K, 0% used [0x00000000e8b00000,0x00000000e8b00000,0x00000000e9680000)
 ParOldGen       total 103936K, used 15736K [0x00000000a0000000, 0x00000000a6580000, 0x00000000e0000000)
  object space 103936K, 15% used [0x00000000a0000000,0x00000000a0f5e0c0,0x00000000a6580000)
 Metaspace       used 34481K, capacity 35222K, committed 35416K, reserved 1079296K
  class space    used 4683K, capacity 4961K, committed 4992K, reserved 1048576K
}

