# JRE version: OpenJDK Runtime Environment (8.0_152-b01) (build 1.8.0_152-release-915-b01)
# Java VM: OpenJDK 64-Bit Server VM (25.152-b01 mixed mode windows-amd64 compressed oops)
Heap:
 PSYoungGen      total 102912K, used 14480K [0x00000000e0000000, 0x00000000e9080000, 0x0000000100000000)
  eden space 92160K, 15% used [0x00000000e0000000,0x00000000e0e24160,0x00000000e5a00000)
  from space 10752K, 0% used [0x00000000e5a00000,0x00000000e5a00000,0x00000000e6480000)
  to   space 11776K, 0% used [0x00000000e8500000,0x00000000e8500000,0x00000000e9080000)
 ParOldGen       total 107008K, used 15802K [0x00000000a0000000, 0x00000000a6880000, 0x00000000e0000000)
  object space 107008K, 14% used [0x00000000a0000000,0x00000000a0f6eaf8,0x00000000a6880000)
 Metaspace       used 36491K, capacity 37178K, committed 37464K, reserved 1081344K
  class space    used 4913K, capacity 5167K, committed 5248K, reserved 1048576K
GC Heap History (10 events):
Event: 2.988 GC heap before
{Heap before GC invocations=5 (full 1):
 PSYoungGen      total 71680K, used 5092K [0x00000000e0000000, 0x00000000e4b00000, 0x0000000100000000)
  eden space 66560K, 0% used [0x00000000e0000000,0x00000000e0000000,0x00000000e4100000)
  from space 5120K, 99% used [0x00000000e4600000,0x00000000e4af9050,0x00000000e4b00000)
  to   space 5120K, 0% used [0x00000000e4100000,0x00000000e4100000,0x00000000e4600000)
 ParOldGen       total 87552K, used 7552K [0x00000000a0000000, 0x00000000a5580000, 0x00000000e0000000)
  object space 87552K, 8% used [0x00000000a0000000,0x00000000a0760148,0x00000000a5580000)
 Metaspace       used 20643K, capacity 21130K, committed 21248K, reserved 1067008K
  class space    used 2861K, capacity 3038K, committed 3072K, reserved 1048576K
Event: 3.045 GC heap after
Heap after GC invocations=5 (full 1):
 PSYoungGen      total 71680K, used 0K [0x00000000e0000000, 0x00000000e4b00000, 0x0000000100000000)
  eden space 66560K, 0% used [0x00000000e0000000,0x00000000e0000000,0x00000000e4100000)
  from space 5120K, 0% used [0x00000000e4600000,0x00000000e4600000,0x00000000e4b00000)
  to   space 5120K, 0% used [0x00000000e4100000,0x00000000e4100000,0x00000000e4600000)
 ParOldGen       total 66048K, used 8676K [0x00000000a0000000, 0x00000000a4080000, 0x00000000e0000000)
  object space 66048K, 13% used [0x00000000a0000000,0x00000000a08790e0,0x00000000a4080000)
 Metaspace       used 20643K, capacity 21130K, committed 21248K, reserved 1067008K
  class space    used 2861K, capacity 3038K, committed 3072K, reserved 1048576K
}
Event: 4.067 GC heap before
{Heap before GC invocations=6 (full 1):
 PSYoungGen      total 71680K, used 66560K [0x00000000e0000000, 0x00000000e4b00000, 0x0000000100000000)
  eden space 66560K, 100% used [0x00000000e0000000,0x00000000e4100000,0x00000000e4100000)
  from space 5120K, 0% used [0x00000000e4600000,0x00000000e4600000,0x00000000e4b00000)
  to   space 5120K, 0% used [0x00000000e4100000,0x00000000e4100000,0x00000000e4600000)
 ParOldGen       total 66048K, used 8676K [0x00000000a0000000, 0x00000000a4080000, 0x00000000e0000000)
  object space 66048K, 13% used [0x00000000a0000000,0x00000000a08790e0,0x00000000a4080000)
 Metaspace       used 25846K, capacity 26370K, committed 26624K, reserved 1073152K
  class space    used 3540K, capacity 3730K, committed 3840K, reserved 1048576K
Event: 4.076 GC heap after
Heap after GC invocations=6 (full 1):
 PSYoungGen      total 71680K, used 5105K [0x00000000e0000000, 0x00000000e7000000, 0x0000000100000000)
  eden space 66560K, 0% used [0x00000000e0000000,0x00000000e0000000,0x00000000e4100000)
  from space 5120K, 99% used [0x00000000e4100000,0x00000000e45fc4b8,0x00000000e4600000)
  to   space 10240K, 0% used [0x00000000e6600000,0x00000000e6600000,0x00000000e7000000)
 ParOldGen       total 66048K, used 10918K [0x00000000a0000000, 0x00000000a4080000, 0x00000000e0000000)
  object space 66048K, 16% used [0x00000000a0000000,0x00000000a0aa9bd8,0x00000000a4080000)
 Metaspace       used 25846K, capacity 26370K, committed 26624K, reserved 1073152K
  class space    used 3540K, capacity 3730K, committed 3840K, reserved 1048576K
}
Event: 5.870 GC heap before
{Heap before GC invocations=7 (full 1):
 PSYoungGen      total 71680K, used 71665K [0x00000000e0000000, 0x00000000e7000000, 0x0000000100000000)
  eden space 66560K, 100% used [0x00000000e0000000,0x00000000e4100000,0x00000000e4100000)
  from space 5120K, 99% used [0x00000000e4100000,0x00000000e45fc4b8,0x00000000e4600000)
  to   space 10240K, 0% used [0x00000000e6600000,0x00000000e6600000,0x00000000e7000000)
 ParOldGen       total 66048K, used 10918K [0x00000000a0000000, 0x00000000a4080000, 0x00000000e0000000)
  object space 66048K, 16% used [0x00000000a0000000,0x00000000a0aa9bd8,0x00000000a4080000)
 Metaspace       used 30169K, capacity 30764K, committed 30976K, reserved 1075200K
  class space    used 4112K, capacity 4319K, committed 4352K, reserved 1048576K
Event: 5.881 GC heap after
Heap after GC invocations=7 (full 1):
 PSYoungGen      total 101376K, used 8449K [0x00000000e0000000, 0x00000000e6f00000, 0x0000000100000000)
  eden space 92160K, 0% used [0x00000000e0000000,0x00000000e0000000,0x00000000e5a00000)
  from space 9216K, 91% used [0x00000000e6600000,0x00000000e6e40730,0x00000000e6f00000)
  to   space 10752K, 0% used [0x00000000e5a00000,0x00000000e5a00000,0x00000000e6480000)
 ParOldGen       total 66048K, used 10926K [0x00000000a0000000, 0x00000000a4080000, 0x00000000e0000000)
  object space 66048K, 16% used [0x00000000a0000000,0x00000000a0aabbd8,0x00000000a4080000)
 Metaspace       used 30169K, capacity 30764K, committed 30976K, reserved 1075200K
  class space    used 4112K, capacity 4319K, committed 4352K, reserved 1048576K
}
Event: 7.445 GC heap before
{Heap before GC invocations=8 (full 1):
 PSYoungGen      total 101376K, used 62546K [0x00000000e0000000, 0x00000000e6f00000, 0x0000000100000000)
  eden space 92160K, 58% used [0x00000000e0000000,0x00000000e34d4150,0x00000000e5a00000)
  from space 9216K, 91% used [0x00000000e6600000,0x00000000e6e40730,0x00000000e6f00000)
  to   space 10752K, 0% used [0x00000000e5a00000,0x00000000e5a00000,0x00000000e6480000)
 ParOldGen       total 66048K, used 10926K [0x00000000a0000000, 0x00000000a4080000, 0x00000000e0000000)
  object space 66048K, 16% used [0x00000000a0000000,0x00000000a0aabbd8,0x00000000a4080000)
 Metaspace       used 34562K, capacity 35226K, committed 35416K, reserved 1079296K
  class space    used 4694K, capacity 4963K, committed 4992K, reserved 1048576K
Event: 7.454 GC heap after
Heap after GC invocations=8 (full 1):
 PSYoungGen      total 102912K, used 9861K [0x00000000e0000000, 0x00000000e9080000, 0x0000000100000000)
  eden space 92160K, 0% used [0x00000000e0000000,0x00000000e0000000,0x00000000e5a00000)
  from space 10752K, 91% used [0x00000000e5a00000,0x00000000e63a1748,0x00000000e6480000)
  to   space 11776K, 0% used [0x00000000e8500000,0x00000000e8500000,0x00000000e9080000)
 ParOldGen       total 66048K, used 10998K [0x00000000a0000000, 0x00000000a4080000, 0x00000000e0000000)
  object space 66048K, 16% used [0x00000000a0000000,0x00000000a0abdbe8,0x00000000a4080000)
 Metaspace       used 34562K, capacity 35226K, committed 35416K, reserved 1079296K
  class space    used 4694K, capacity 4963K, committed 4992K, reserved 1048576K
}
Event: 7.455 GC heap before
{Heap before GC invocations=9 (full 2):
 PSYoungGen      total 102912K, used 9861K [0x00000000e0000000, 0x00000000e9080000, 0x0000000100000000)
  eden space 92160K, 0% used [0x00000000e0000000,0x00000000e0000000,0x00000000e5a00000)
  from space 10752K, 91% used [0x00000000e5a00000,0x00000000e63a1748,0x00000000e6480000)
  to   space 11776K, 0% used [0x00000000e8500000,0x00000000e8500000,0x00000000e9080000)
 ParOldGen       total 66048K, used 10998K [0x00000000a0000000, 0x00000000a4080000, 0x00000000e0000000)
  object space 66048K, 16% used [0x00000000a0000000,0x00000000a0abdbe8,0x00000000a4080000)
 Metaspace       used 34562K, capacity 35226K, committed 35416K, reserved 1079296K
  class space    used 4694K, capacity 4963K, committed 4992K, reserved 1048576K
Event: 7.537 GC heap after
Heap after GC invocations=9 (full 2):
 PSYoungGen      total 102912K, used 0K [0x00000000e0000000, 0x00000000e9080000, 0x0000000100000000)
  eden space 92160K, 0% used [0x00000000e0000000,0x00000000e0000000,0x00000000e5a00000)
  from space 10752K, 0% used [0x00000000e5a00000,0x00000000e5a00000,0x00000000e6480000)
  to   space 11776K, 0% used [0x00000000e8500000,0x00000000e8500000,0x00000000e9080000)
 ParOldGen       total 107008K, used 15802K [0x00000000a0000000, 0x00000000a6880000, 0x00000000e0000000)
  object space 107008K, 14% used [0x00000000a0000000,0x00000000a0f6eaf8,0x00000000a6880000)
 Metaspace       used 34562K, capacity 35226K, committed 35416K, reserved 1079296K
  class space    used 4694K, capacity 4963K, committed 4992K, reserved 1048576K
}

