# JRE version: OpenJDK Runtime Environment (8.0_152-b01) (build 1.8.0_152-release-915-b01)
# Java VM: OpenJDK 64-Bit Server VM (25.152-b01 mixed mode windows-amd64 compressed oops)
Heap:
 PSYoungGen      total 140288K, used 38738K [0x00000000e0000000, 0x00000000e9880000, 0x0000000100000000)
  eden space 130048K, 21% used [0x00000000e0000000,0x00000000e1bdcd18,0x00000000e7f00000)
  from space 10240K, 99% used [0x00000000e8e80000,0x00000000e9877df8,0x00000000e9880000)
  to   space 11776K, 0% used [0x00000000e8180000,0x00000000e8180000,0x00000000e8d00000)
 ParOldGen       total 67072K, used 16015K [0x00000000a0000000, 0x00000000a4180000, 0x00000000e0000000)
  object space 67072K, 23% used [0x00000000a0000000,0x00000000a0fa3f20,0x00000000a4180000)
 Metaspace       used 44582K, capacity 45446K, committed 45784K, reserved 1089536K
  class space    used 5990K, capacity 6276K, committed 6400K, reserved 1048576K
GC Heap History (10 events):
Event: 4.002 GC heap before
{Heap before GC invocations=6 (full 1):
 PSYoungGen      total 71680K, used 66560K [0x00000000e0000000, 0x00000000e4b00000, 0x0000000100000000)
  eden space 66560K, 100% used [0x00000000e0000000,0x00000000e4100000,0x00000000e4100000)
  from space 5120K, 0% used [0x00000000e4600000,0x00000000e4600000,0x00000000e4b00000)
  to   space 5120K, 0% used [0x00000000e4100000,0x00000000e4100000,0x00000000e4600000)
 ParOldGen       total 67072K, used 9071K [0x00000000a0000000, 0x00000000a4180000, 0x00000000e0000000)
  object space 67072K, 13% used [0x00000000a0000000,0x00000000a08dbda8,0x00000000a4180000)
 Metaspace       used 25932K, capacity 26432K, committed 26624K, reserved 1073152K
  class space    used 3546K, capacity 3721K, committed 3840K, reserved 1048576K
Event: 4.011 GC heap after
Heap after GC invocations=6 (full 1):
 PSYoungGen      total 71680K, used 5115K [0x00000000e0000000, 0x00000000e6f80000, 0x0000000100000000)
  eden space 66560K, 0% used [0x00000000e0000000,0x00000000e0000000,0x00000000e4100000)
  from space 5120K, 99% used [0x00000000e4100000,0x00000000e45fee08,0x00000000e4600000)
  to   space 10240K, 0% used [0x00000000e6580000,0x00000000e6580000,0x00000000e6f80000)
 ParOldGen       total 67072K, used 11087K [0x00000000a0000000, 0x00000000a4180000, 0x00000000e0000000)
  object space 67072K, 16% used [0x00000000a0000000,0x00000000a0ad3dc8,0x00000000a4180000)
 Metaspace       used 25932K, capacity 26432K, committed 26624K, reserved 1073152K
  class space    used 3546K, capacity 3721K, committed 3840K, reserved 1048576K
}
Event: 4.897 GC heap before
{Heap before GC invocations=7 (full 1):
 PSYoungGen      total 71680K, used 71675K [0x00000000e0000000, 0x00000000e6f80000, 0x0000000100000000)
  eden space 66560K, 100% used [0x00000000e0000000,0x00000000e4100000,0x00000000e4100000)
  from space 5120K, 99% used [0x00000000e4100000,0x00000000e45fee08,0x00000000e4600000)
  to   space 10240K, 0% used [0x00000000e6580000,0x00000000e6580000,0x00000000e6f80000)
 ParOldGen       total 67072K, used 11087K [0x00000000a0000000, 0x00000000a4180000, 0x00000000e0000000)
  object space 67072K, 16% used [0x00000000a0000000,0x00000000a0ad3dc8,0x00000000a4180000)
 Metaspace       used 29949K, capacity 30406K, committed 30720K, reserved 1075200K
  class space    used 4068K, capacity 4234K, committed 4352K, reserved 1048576K
Event: 4.914 GC heap after
Heap after GC invocations=7 (full 1):
 PSYoungGen      total 103936K, used 7201K [0x00000000e0000000, 0x00000000e7200000, 0x0000000100000000)
  eden space 93696K, 0% used [0x00000000e0000000,0x00000000e0000000,0x00000000e5b80000)
  from space 10240K, 70% used [0x00000000e6580000,0x00000000e6c88498,0x00000000e6f80000)
  to   space 10240K, 0% used [0x00000000e5b80000,0x00000000e5b80000,0x00000000e6580000)
 ParOldGen       total 67072K, used 11095K [0x00000000a0000000, 0x00000000a4180000, 0x00000000e0000000)
  object space 67072K, 16% used [0x00000000a0000000,0x00000000a0ad5dc8,0x00000000a4180000)
 Metaspace       used 29949K, capacity 30406K, committed 30720K, reserved 1075200K
  class space    used 4068K, capacity 4234K, committed 4352K, reserved 1048576K
}
Event: 6.065 GC heap before
{Heap before GC invocations=8 (full 1):
 PSYoungGen      total 103936K, used 60975K [0x00000000e0000000, 0x00000000e7200000, 0x0000000100000000)
  eden space 93696K, 57% used [0x00000000e0000000,0x00000000e3483860,0x00000000e5b80000)
  from space 10240K, 70% used [0x00000000e6580000,0x00000000e6c88498,0x00000000e6f80000)
  to   space 10240K, 0% used [0x00000000e5b80000,0x00000000e5b80000,0x00000000e6580000)
 ParOldGen       total 67072K, used 11095K [0x00000000a0000000, 0x00000000a4180000, 0x00000000e0000000)
  object space 67072K, 16% used [0x00000000a0000000,0x00000000a0ad5dc8,0x00000000a4180000)
 Metaspace       used 34681K, capacity 35220K, committed 35416K, reserved 1079296K
  class space    used 4697K, capacity 4910K, committed 4992K, reserved 1048576K
Event: 6.079 GC heap after
Heap after GC invocations=8 (full 1):
 PSYoungGen      total 103936K, used 9601K [0x00000000e0000000, 0x00000000e9980000, 0x0000000100000000)
  eden space 93696K, 0% used [0x00000000e0000000,0x00000000e0000000,0x00000000e5b80000)
  from space 10240K, 93% used [0x00000000e5b80000,0x00000000e64e07e0,0x00000000e6580000)
  to   space 11264K, 0% used [0x00000000e8e80000,0x00000000e8e80000,0x00000000e9980000)
 ParOldGen       total 67072K, used 11167K [0x00000000a0000000, 0x00000000a4180000, 0x00000000e0000000)
  object space 67072K, 16% used [0x00000000a0000000,0x00000000a0ae7dd8,0x00000000a4180000)
 Metaspace       used 34681K, capacity 35220K, committed 35416K, reserved 1079296K
  class space    used 4697K, capacity 4910K, committed 4992K, reserved 1048576K
}
Event: 6.079 GC heap before
{Heap before GC invocations=9 (full 2):
 PSYoungGen      total 103936K, used 9601K [0x00000000e0000000, 0x00000000e9980000, 0x0000000100000000)
  eden space 93696K, 0% used [0x00000000e0000000,0x00000000e0000000,0x00000000e5b80000)
  from space 10240K, 93% used [0x00000000e5b80000,0x00000000e64e07e0,0x00000000e6580000)
  to   space 11264K, 0% used [0x00000000e8e80000,0x00000000e8e80000,0x00000000e9980000)
 ParOldGen       total 67072K, used 11167K [0x00000000a0000000, 0x00000000a4180000, 0x00000000e0000000)
  object space 67072K, 16% used [0x00000000a0000000,0x00000000a0ae7dd8,0x00000000a4180000)
 Metaspace       used 34681K, capacity 35220K, committed 35416K, reserved 1079296K
  class space    used 4697K, capacity 4910K, committed 4992K, reserved 1048576K
Event: 6.164 GC heap after
Heap after GC invocations=9 (full 2):
 PSYoungGen      total 103936K, used 0K [0x00000000e0000000, 0x00000000e9980000, 0x0000000100000000)
  eden space 93696K, 0% used [0x00000000e0000000,0x00000000e0000000,0x00000000e5b80000)
  from space 10240K, 0% used [0x00000000e5b80000,0x00000000e5b80000,0x00000000e6580000)
  to   space 11264K, 0% used [0x00000000e8e80000,0x00000000e8e80000,0x00000000e9980000)
 ParOldGen       total 67072K, used 16007K [0x00000000a0000000, 0x00000000a4180000, 0x00000000e0000000)
  object space 67072K, 23% used [0x00000000a0000000,0x00000000a0fa1f20,0x00000000a4180000)
 Metaspace       used 34681K, capacity 35220K, committed 35416K, reserved 1079296K
  class space    used 4697K, capacity 4910K, committed 4992K, reserved 1048576K
}
Event: 7.198 GC heap before
{Heap before GC invocations=10 (full 2):
 PSYoungGen      total 103936K, used 93696K [0x00000000e0000000, 0x00000000e9980000, 0x0000000100000000)
  eden space 93696K, 100% used [0x00000000e0000000,0x00000000e5b80000,0x00000000e5b80000)
  from space 10240K, 0% used [0x00000000e5b80000,0x00000000e5b80000,0x00000000e6580000)
  to   space 11264K, 0% used [0x00000000e8e80000,0x00000000e8e80000,0x00000000e9980000)
 ParOldGen       total 67072K, used 16007K [0x00000000a0000000, 0x00000000a4180000, 0x00000000e0000000)
  object space 67072K, 23% used [0x00000000a0000000,0x00000000a0fa1f20,0x00000000a4180000)
 Metaspace       used 40686K, capacity 41360K, committed 41816K, reserved 1085440K
  class space    used 5411K, capacity 5664K, committed 5760K, reserved 1048576K
Event: 7.217 GC heap after
Heap after GC invocations=10 (full 2):
 PSYoungGen      total 140288K, used 10207K [0x00000000e0000000, 0x00000000e9880000, 0x0000000100000000)
  eden space 130048K, 0% used [0x00000000e0000000,0x00000000e0000000,0x00000000e7f00000)
  from space 10240K, 99% used [0x00000000e8e80000,0x00000000e9877df8,0x00000000e9880000)
  to   space 11776K, 0% used [0x00000000e8180000,0x00000000e8180000,0x00000000e8d00000)
 ParOldGen       total 67072K, used 16015K [0x00000000a0000000, 0x00000000a4180000, 0x00000000e0000000)
  object space 67072K, 23% used [0x00000000a0000000,0x00000000a0fa3f20,0x00000000a4180000)
 Metaspace       used 40686K, capacity 41360K, committed 41816K, reserved 1085440K
  class space    used 5411K, capacity 5664K, committed 5760K, reserved 1048576K
}

