# JRE version: OpenJDK Runtime Environment (8.0_152-b01) (build 1.8.0_152-release-915-b01)
# Java VM: OpenJDK 64-Bit Server VM (25.152-b01 mixed mode windows-amd64 compressed oops)
Heap:
 PSYoungGen      total 98816K, used 13872K [0x00000000e0000000, 0x00000000e8b00000, 0x0000000100000000)
  eden space 88576K, 15% used [0x00000000e0000000,0x00000000e0d8c300,0x00000000e5680000)
  from space 10240K, 0% used [0x00000000e5680000,0x00000000e5680000,0x00000000e6080000)
  to   space 11264K, 0% used [0x00000000e8000000,0x00000000e8000000,0x00000000e8b00000)
 ParOldGen       total 69120K, used 15994K [0x00000000a0000000, 0x00000000a4380000, 0x00000000e0000000)
  object space 69120K, 23% used [0x00000000a0000000,0x00000000a0f9eb10,0x00000000a4380000)
 Metaspace       used 36654K, capacity 37268K, committed 37720K, reserved 1081344K
  class space    used 4920K, capacity 5146K, committed 5248K, reserved 1048576K
GC Heap History (10 events):
Event: 2.804 GC heap before
{Heap before GC invocations=5 (full 1):
 PSYoungGen      total 71680K, used 5108K [0x00000000e0000000, 0x00000000e4b00000, 0x0000000100000000)
  eden space 66560K, 0% used [0x00000000e0000000,0x00000000e0000000,0x00000000e4100000)
  from space 5120K, 99% used [0x00000000e4600000,0x00000000e4afd020,0x00000000e4b00000)
  to   space 5120K, 0% used [0x00000000e4100000,0x00000000e4100000,0x00000000e4600000)
 ParOldGen       total 87552K, used 8023K [0x00000000a0000000, 0x00000000a5580000, 0x00000000e0000000)
  object space 87552K, 9% used [0x00000000a0000000,0x00000000a07d5fb0,0x00000000a5580000)
 Metaspace       used 20757K, capacity 21092K, committed 21248K, reserved 1067008K
  class space    used 2863K, capacity 3017K, committed 3072K, reserved 1048576K
Event: 2.872 GC heap after
Heap after GC invocations=5 (full 1):
 PSYoungGen      total 71680K, used 0K [0x00000000e0000000, 0x00000000e4b00000, 0x0000000100000000)
  eden space 66560K, 0% used [0x00000000e0000000,0x00000000e0000000,0x00000000e4100000)
  from space 5120K, 0% used [0x00000000e4600000,0x00000000e4600000,0x00000000e4b00000)
  to   space 5120K, 0% used [0x00000000e4100000,0x00000000e4100000,0x00000000e4600000)
 ParOldGen       total 69120K, used 9074K [0x00000000a0000000, 0x00000000a4380000, 0x00000000e0000000)
  object space 69120K, 13% used [0x00000000a0000000,0x00000000a08dcb40,0x00000000a4380000)
 Metaspace       used 20757K, capacity 21092K, committed 21248K, reserved 1067008K
  class space    used 2863K, capacity 3017K, committed 3072K, reserved 1048576K
}
Event: 3.874 GC heap before
{Heap before GC invocations=6 (full 1):
 PSYoungGen      total 71680K, used 66560K [0x00000000e0000000, 0x00000000e4b00000, 0x0000000100000000)
  eden space 66560K, 100% used [0x00000000e0000000,0x00000000e4100000,0x00000000e4100000)
  from space 5120K, 0% used [0x00000000e4600000,0x00000000e4600000,0x00000000e4b00000)
  to   space 5120K, 0% used [0x00000000e4100000,0x00000000e4100000,0x00000000e4600000)
 ParOldGen       total 69120K, used 9074K [0x00000000a0000000, 0x00000000a4380000, 0x00000000e0000000)
  object space 69120K, 13% used [0x00000000a0000000,0x00000000a08dcb40,0x00000000a4380000)
 Metaspace       used 25983K, capacity 26432K, committed 26624K, reserved 1073152K
  class space    used 3554K, capacity 3721K, committed 3840K, reserved 1048576K
Event: 3.883 GC heap after
Heap after GC invocations=6 (full 1):
 PSYoungGen      total 71680K, used 5113K [0x00000000e0000000, 0x00000000e6c00000, 0x0000000100000000)
  eden space 66560K, 0% used [0x00000000e0000000,0x00000000e0000000,0x00000000e4100000)
  from space 5120K, 99% used [0x00000000e4100000,0x00000000e45fe4d8,0x00000000e4600000)
  to   space 10752K, 0% used [0x00000000e6180000,0x00000000e6180000,0x00000000e6c00000)
 ParOldGen       total 69120K, used 11204K [0x00000000a0000000, 0x00000000a4380000, 0x00000000e0000000)
  object space 69120K, 16% used [0x00000000a0000000,0x00000000a0af12d0,0x00000000a4380000)
 Metaspace       used 25983K, capacity 26432K, committed 26624K, reserved 1073152K
  class space    used 3554K, capacity 3721K, committed 3840K, reserved 1048576K
}
Event: 4.831 GC heap before
{Heap before GC invocations=7 (full 1):
 PSYoungGen      total 71680K, used 71673K [0x00000000e0000000, 0x00000000e6c00000, 0x0000000100000000)
  eden space 66560K, 100% used [0x00000000e0000000,0x00000000e4100000,0x00000000e4100000)
  from space 5120K, 99% used [0x00000000e4100000,0x00000000e45fe4d8,0x00000000e4600000)
  to   space 10752K, 0% used [0x00000000e6180000,0x00000000e6180000,0x00000000e6c00000)
 ParOldGen       total 69120K, used 11204K [0x00000000a0000000, 0x00000000a4380000, 0x00000000e0000000)
  object space 69120K, 16% used [0x00000000a0000000,0x00000000a0af12d0,0x00000000a4380000)
 Metaspace       used 29945K, capacity 30406K, committed 30720K, reserved 1075200K
  class space    used 4067K, capacity 4234K, committed 4352K, reserved 1048576K
Event: 4.841 GC heap after
Heap after GC invocations=7 (full 1):
 PSYoungGen      total 97792K, used 7169K [0x00000000e0000000, 0x00000000e6a80000, 0x0000000100000000)
  eden space 88576K, 0% used [0x00000000e0000000,0x00000000e0000000,0x00000000e5680000)
  from space 9216K, 77% used [0x00000000e6180000,0x00000000e6880498,0x00000000e6a80000)
  to   space 10240K, 0% used [0x00000000e5680000,0x00000000e5680000,0x00000000e6080000)
 ParOldGen       total 69120K, used 11212K [0x00000000a0000000, 0x00000000a4380000, 0x00000000e0000000)
  object space 69120K, 16% used [0x00000000a0000000,0x00000000a0af32d0,0x00000000a4380000)
 Metaspace       used 29945K, capacity 30406K, committed 30720K, reserved 1075200K
  class space    used 4067K, capacity 4234K, committed 4352K, reserved 1048576K
}
Event: 5.786 GC heap before
{Heap before GC invocations=8 (full 1):
 PSYoungGen      total 97792K, used 59907K [0x00000000e0000000, 0x00000000e6a80000, 0x0000000100000000)
  eden space 88576K, 59% used [0x00000000e0000000,0x00000000e3380930,0x00000000e5680000)
  from space 9216K, 77% used [0x00000000e6180000,0x00000000e6880498,0x00000000e6a80000)
  to   space 10240K, 0% used [0x00000000e5680000,0x00000000e5680000,0x00000000e6080000)
 ParOldGen       total 69120K, used 11212K [0x00000000a0000000, 0x00000000a4380000, 0x00000000e0000000)
  object space 69120K, 16% used [0x00000000a0000000,0x00000000a0af32d0,0x00000000a4380000)
 Metaspace       used 34669K, capacity 35220K, committed 35416K, reserved 1079296K
  class space    used 4697K, capacity 4910K, committed 4992K, reserved 1048576K
Event: 5.802 GC heap after
Heap after GC invocations=8 (full 1):
 PSYoungGen      total 98816K, used 9625K [0x00000000e0000000, 0x00000000e8b00000, 0x0000000100000000)
  eden space 88576K, 0% used [0x00000000e0000000,0x00000000e0000000,0x00000000e5680000)
  from space 10240K, 93% used [0x00000000e5680000,0x00000000e5fe6648,0x00000000e6080000)
  to   space 11264K, 0% used [0x00000000e8000000,0x00000000e8000000,0x00000000e8b00000)
 ParOldGen       total 69120K, used 11284K [0x00000000a0000000, 0x00000000a4380000, 0x00000000e0000000)
  object space 69120K, 16% used [0x00000000a0000000,0x00000000a0b052e0,0x00000000a4380000)
 Metaspace       used 34669K, capacity 35220K, committed 35416K, reserved 1079296K
  class space    used 4697K, capacity 4910K, committed 4992K, reserved 1048576K
}
Event: 5.802 GC heap before
{Heap before GC invocations=9 (full 2):
 PSYoungGen      total 98816K, used 9625K [0x00000000e0000000, 0x00000000e8b00000, 0x0000000100000000)
  eden space 88576K, 0% used [0x00000000e0000000,0x00000000e0000000,0x00000000e5680000)
  from space 10240K, 93% used [0x00000000e5680000,0x00000000e5fe6648,0x00000000e6080000)
  to   space 11264K, 0% used [0x00000000e8000000,0x00000000e8000000,0x00000000e8b00000)
 ParOldGen       total 69120K, used 11284K [0x00000000a0000000, 0x00000000a4380000, 0x00000000e0000000)
  object space 69120K, 16% used [0x00000000a0000000,0x00000000a0b052e0,0x00000000a4380000)
 Metaspace       used 34669K, capacity 35220K, committed 35416K, reserved 1079296K
  class space    used 4697K, capacity 4910K, committed 4992K, reserved 1048576K
Event: 5.907 GC heap after
Heap after GC invocations=9 (full 2):
 PSYoungGen      total 98816K, used 0K [0x00000000e0000000, 0x00000000e8b00000, 0x0000000100000000)
  eden space 88576K, 0% used [0x00000000e0000000,0x00000000e0000000,0x00000000e5680000)
  from space 10240K, 0% used [0x00000000e5680000,0x00000000e5680000,0x00000000e6080000)
  to   space 11264K, 0% used [0x00000000e8000000,0x00000000e8000000,0x00000000e8b00000)
 ParOldGen       total 69120K, used 15994K [0x00000000a0000000, 0x00000000a4380000, 0x00000000e0000000)
  object space 69120K, 23% used [0x00000000a0000000,0x00000000a0f9eb10,0x00000000a4380000)
 Metaspace       used 34669K, capacity 35220K, committed 35416K, reserved 1079296K
  class space    used 4697K, capacity 4910K, committed 4992K, reserved 1048576K
}

