# JRE version: OpenJDK Runtime Environment (8.0_152-b01) (build 1.8.0_152-release-915-b01)
# Java VM: OpenJDK 64-Bit Server VM (25.152-b01 mixed mode windows-amd64 compressed oops)
Heap:
 PSYoungGen      total 80384K, used 15317K [0x00000000e0000000, 0x00000000e7600000, 0x0000000100000000)
  eden space 69120K, 5% used [0x00000000e0000000,0x00000000e03f7f88,0x00000000e4380000)
  from space 11264K, 99% used [0x00000000e5180000,0x00000000e5c7d760,0x00000000e5c80000)
  to   space 14336K, 0% used [0x00000000e4380000,0x00000000e4380000,0x00000000e5180000)
 ParOldGen       total 112640K, used 18862K [0x00000000a0000000, 0x00000000a6e00000, 0x00000000e0000000)
  object space 112640K, 16% used [0x00000000a0000000,0x00000000a126b8a8,0x00000000a6e00000)
 Metaspace       used 49041K, capacity 50382K, committed 50520K, reserved 1093632K
  class space    used 6568K, capacity 6932K, committed 7040K, reserved 1048576K
GC Heap History (10 events):
Event: 26.967 GC heap before
{Heap before GC invocations=10 (full 1):
 PSYoungGen      total 69120K, used 36293K [0x00000000e0000000, 0x00000000e4f00000, 0x0000000100000000)
  eden space 60416K, 50% used [0x00000000e0000000,0x00000000e1dc54b8,0x00000000e3b00000)
  from space 8704K, 66% used [0x00000000e4680000,0x00000000e4c2c010,0x00000000e4f00000)
  to   space 10240K, 0% used [0x00000000e3b00000,0x00000000e3b00000,0x00000000e4500000)
 ParOldGen       total 69632K, used 8783K [0x00000000a0000000, 0x00000000a4400000, 0x00000000e0000000)
  object space 69632K, 12% used [0x00000000a0000000,0x00000000a0893fc8,0x00000000a4400000)
 Metaspace       used 34491K, capacity 35210K, committed 35416K, reserved 1079296K
  class space    used 4685K, capacity 4959K, committed 4992K, reserved 1048576K
Event: 26.978 GC heap after
Heap after GC invocations=10 (full 1):
 PSYoungGen      total 70656K, used 9491K [0x00000000e0000000, 0x00000000e5c80000, 0x0000000100000000)
  eden space 60416K, 0% used [0x00000000e0000000,0x00000000e0000000,0x00000000e3b00000)
  from space 10240K, 92% used [0x00000000e3b00000,0x00000000e4444d98,0x00000000e4500000)
  to   space 11264K, 0% used [0x00000000e5180000,0x00000000e5180000,0x00000000e5c80000)
 ParOldGen       total 69632K, used 8791K [0x00000000a0000000, 0x00000000a4400000, 0x00000000e0000000)
  object space 69632K, 12% used [0x00000000a0000000,0x00000000a0895fc8,0x00000000a4400000)
 Metaspace       used 34491K, capacity 35210K, committed 35416K, reserved 1079296K
  class space    used 4685K, capacity 4959K, committed 4992K, reserved 1048576K
}
Event: 26.978 GC heap before
{Heap before GC invocations=11 (full 2):
 PSYoungGen      total 70656K, used 9491K [0x00000000e0000000, 0x00000000e5c80000, 0x0000000100000000)
  eden space 60416K, 0% used [0x00000000e0000000,0x00000000e0000000,0x00000000e3b00000)
  from space 10240K, 92% used [0x00000000e3b00000,0x00000000e4444d98,0x00000000e4500000)
  to   space 11264K, 0% used [0x00000000e5180000,0x00000000e5180000,0x00000000e5c80000)
 ParOldGen       total 69632K, used 8791K [0x00000000a0000000, 0x00000000a4400000, 0x00000000e0000000)
  object space 69632K, 12% used [0x00000000a0000000,0x00000000a0895fc8,0x00000000a4400000)
 Metaspace       used 34491K, capacity 35210K, committed 35416K, reserved 1079296K
  class space    used 4685K, capacity 4959K, committed 4992K, reserved 1048576K
Event: 27.055 GC heap after
Heap after GC invocations=11 (full 2):
 PSYoungGen      total 70656K, used 0K [0x00000000e0000000, 0x00000000e5c80000, 0x0000000100000000)
  eden space 60416K, 0% used [0x00000000e0000000,0x00000000e0000000,0x00000000e3b00000)
  from space 10240K, 0% used [0x00000000e3b00000,0x00000000e3b00000,0x00000000e4500000)
  to   space 11264K, 0% used [0x00000000e5180000,0x00000000e5180000,0x00000000e5c80000)
 ParOldGen       total 112640K, used 15495K [0x00000000a0000000, 0x00000000a6e00000, 0x00000000e0000000)
  object space 112640K, 13% used [0x00000000a0000000,0x00000000a0f21ef8,0x00000000a6e00000)
 Metaspace       used 34491K, capacity 35210K, committed 35416K, reserved 1079296K
  class space    used 4685K, capacity 4959K, committed 4992K, reserved 1048576K
}
Event: 28.048 GC heap before
{Heap before GC invocations=12 (full 2):
 PSYoungGen      total 70656K, used 60416K [0x00000000e0000000, 0x00000000e5c80000, 0x0000000100000000)
  eden space 60416K, 100% used [0x00000000e0000000,0x00000000e3b00000,0x00000000e3b00000)
  from space 10240K, 0% used [0x00000000e3b00000,0x00000000e3b00000,0x00000000e4500000)
  to   space 11264K, 0% used [0x00000000e5180000,0x00000000e5180000,0x00000000e5c80000)
 ParOldGen       total 112640K, used 15495K [0x00000000a0000000, 0x00000000a6e00000, 0x00000000e0000000)
  object space 112640K, 13% used [0x00000000a0000000,0x00000000a0f21ef8,0x00000000a6e00000)
 Metaspace       used 38882K, capacity 39610K, committed 40024K, reserved 1083392K
  class space    used 5189K, capacity 5423K, committed 5504K, reserved 1048576K
Event: 28.056 GC heap after
Heap after GC invocations=12 (full 2):
 PSYoungGen      total 83968K, used 5049K [0x00000000e0000000, 0x00000000e5d00000, 0x0000000100000000)
  eden space 72704K, 0% used [0x00000000e0000000,0x00000000e0000000,0x00000000e4700000)
  from space 11264K, 44% used [0x00000000e5180000,0x00000000e566e7b0,0x00000000e5c80000)
  to   space 10752K, 0% used [0x00000000e4700000,0x00000000e4700000,0x00000000e5180000)
 ParOldGen       total 112640K, used 15503K [0x00000000a0000000, 0x00000000a6e00000, 0x00000000e0000000)
  object space 112640K, 13% used [0x00000000a0000000,0x00000000a0f23ef8,0x00000000a6e00000)
 Metaspace       used 38882K, capacity 39610K, committed 40024K, reserved 1083392K
  class space    used 5189K, capacity 5423K, committed 5504K, reserved 1048576K
}
Event: 29.502 GC heap before
{Heap before GC invocations=13 (full 2):
 PSYoungGen      total 83968K, used 77753K [0x00000000e0000000, 0x00000000e5d00000, 0x0000000100000000)
  eden space 72704K, 100% used [0x00000000e0000000,0x00000000e4700000,0x00000000e4700000)
  from space 11264K, 44% used [0x00000000e5180000,0x00000000e566e7b0,0x00000000e5c80000)
  to   space 10752K, 0% used [0x00000000e4700000,0x00000000e4700000,0x00000000e5180000)
 ParOldGen       total 112640K, used 15503K [0x00000000a0000000, 0x00000000a6e00000, 0x00000000e0000000)
  object space 112640K, 13% used [0x00000000a0000000,0x00000000a0f23ef8,0x00000000a6e00000)
 Metaspace       used 45876K, capacity 46838K, committed 47192K, reserved 1089536K
  class space    used 6151K, capacity 6492K, committed 6528K, reserved 1048576K
Event: 29.520 GC heap after
Heap after GC invocations=13 (full 2):
 PSYoungGen      total 83456K, used 10749K [0x00000000e0000000, 0x00000000e5d00000, 0x0000000100000000)
  eden space 72704K, 0% used [0x00000000e0000000,0x00000000e0000000,0x00000000e4700000)
  from space 10752K, 99% used [0x00000000e4700000,0x00000000e517f400,0x00000000e5180000)
  to   space 11264K, 0% used [0x00000000e5180000,0x00000000e5180000,0x00000000e5c80000)
 ParOldGen       total 112640K, used 16400K [0x00000000a0000000, 0x00000000a6e00000, 0x00000000e0000000)
  object space 112640K, 14% used [0x00000000a0000000,0x00000000a10043d8,0x00000000a6e00000)
 Metaspace       used 45876K, capacity 46838K, committed 47192K, reserved 1089536K
  class space    used 6151K, capacity 6492K, committed 6528K, reserved 1048576K
}
Event: 31.634 GC heap before
{Heap before GC invocations=14 (full 2):
 PSYoungGen      total 83456K, used 83453K [0x00000000e0000000, 0x00000000e5d00000, 0x0000000100000000)
  eden space 72704K, 100% used [0x00000000e0000000,0x00000000e4700000,0x00000000e4700000)
  from space 10752K, 99% used [0x00000000e4700000,0x00000000e517f400,0x00000000e5180000)
  to   space 11264K, 0% used [0x00000000e5180000,0x00000000e5180000,0x00000000e5c80000)
 ParOldGen       total 112640K, used 16400K [0x00000000a0000000, 0x00000000a6e00000, 0x00000000e0000000)
  object space 112640K, 14% used [0x00000000a0000000,0x00000000a10043d8,0x00000000a6e00000)
 Metaspace       used 48873K, capacity 50198K, committed 50392K, reserved 1093632K
  class space    used 6538K, capacity 6896K, committed 6912K, reserved 1048576K
Event: 31.651 GC heap after
Heap after GC invocations=14 (full 2):
 PSYoungGen      total 80384K, used 11253K [0x00000000e0000000, 0x00000000e7600000, 0x0000000100000000)
  eden space 69120K, 0% used [0x00000000e0000000,0x00000000e0000000,0x00000000e4380000)
  from space 11264K, 99% used [0x00000000e5180000,0x00000000e5c7d760,0x00000000e5c80000)
  to   space 14336K, 0% used [0x00000000e4380000,0x00000000e4380000,0x00000000e5180000)
 ParOldGen       total 112640K, used 18862K [0x00000000a0000000, 0x00000000a6e00000, 0x00000000e0000000)
  object space 112640K, 16% used [0x00000000a0000000,0x00000000a126b8a8,0x00000000a6e00000)
 Metaspace       used 48873K, capacity 50198K, committed 50392K, reserved 1093632K
  class space    used 6538K, capacity 6896K, committed 6912K, reserved 1048576K
}

